<?xml version="1.0" encoding="UTF-8"?>
<TestRun id="0f601e9c-e166-4266-8378-76de1cdf4eb4" name="Administrator@WIN-GS9GMUJITS8 2013-05-20 18:53:28" runUser="WIN-GS9GMUJITS8\Administrator" xmlns="http://microsoft.com/schemas/VisualStudio/TeamTest/2010">
  <TestSettings name="Local" id="6464dd30-2dfc-410c-ba47-2153789fb911">
    <Description>These are default test settings for a local test run.</Description>
    <Deployment runDeploymentRoot="Administrator_WIN-GS9GMUJITS8 2013-05-20 18_53_28">
      <DeploymentItem filename="C:\Users\Administrator\Desktop\projetImage\projetImage\bin\Debug\projetImage.exe" />
      <DeploymentItem filename="C:\Users\Administrator\Desktop\DayTimeManagement-Exo1\packages\NSubstitute.1.6.0.0\lib\NET40\NSubstitute.dll" />
    </Deployment>
    <Execution>
      <TestTypeSpecific>
        <UnitTestRunConfig testTypeId="13cdc9d9-ddb5-4fa4-a97d-d965ccfc6d4b">
          <AssemblyResolution>
            <TestDirectory useLoadContext="true" />
          </AssemblyResolution>
        </UnitTestRunConfig>
        <WebTestRunConfiguration testTypeId="4e7599fa-5ecb-43e9-a887-cd63cf72d207">
          <Browser name="Internet Explorer 7.0">
            <Headers>
              <Header name="User-Agent" value="Mozilla/4.0 (compatible; MSIE 7.0; Windows NT 5.1)" />
              <Header name="Accept" value="*/*" />
              <Header name="Accept-Language" value="{{$IEAcceptLanguage}}" />
              <Header name="Accept-Encoding" value="GZIP" />
            </Headers>
          </Browser>
        </WebTestRunConfiguration>
        <WebAiiTestRunConfig testTypeId="c4241296-3c6e-46b1-bf92-e0bd3e0eb017" Settings="&lt;?xml version=&quot;1.0&quot; encoding=&quot;utf-16&quot;?&gt;&#xD;&#xA;&lt;Settings xmlns:xsi=&quot;http://www.w3.org/2001/XMLSchema-instance&quot; xmlns:xsd=&quot;http://www.w3.org/2001/XMLSchema&quot;&gt;&#xD;&#xA;  &lt;Web&gt;&#xD;&#xA;    &lt;WebKitExecutionDelay&gt;0&lt;/WebKitExecutionDelay&gt;&#xD;&#xA;    &lt;ExecutingBrowsers&gt;&#xD;&#xA;      &lt;BrowserExecutionType&gt;InternetExplorer&lt;/BrowserExecutionType&gt;&#xD;&#xA;      &lt;BrowserExecutionType&gt;InternetExplorer&lt;/BrowserExecutionType&gt;&#xD;&#xA;      &lt;BrowserExecutionType&gt;InternetExplorer&lt;/BrowserExecutionType&gt;&#xD;&#xA;      &lt;BrowserExecutionType&gt;InternetExplorer&lt;/BrowserExecutionType&gt;&#xD;&#xA;    &lt;/ExecutingBrowsers&gt;&#xD;&#xA;    &lt;UseMultiBrowserExecution&gt;false&lt;/UseMultiBrowserExecution&gt;&#xD;&#xA;    &lt;RecycleBrowser&gt;false&lt;/RecycleBrowser&gt;&#xD;&#xA;    &lt;AspNetDevServerPort&gt;-1&lt;/AspNetDevServerPort&gt;&#xD;&#xA;    &lt;LocalWebServer&gt;None&lt;/LocalWebServer&gt;&#xD;&#xA;    &lt;EnableUILessRequestViewing&gt;false&lt;/EnableUILessRequestViewing&gt;&#xD;&#xA;    &lt;WebAppPhysicalPath /&gt;&#xD;&#xA;    &lt;DefaultBrowser&gt;InternetExplorer&lt;/DefaultBrowser&gt;&#xD;&#xA;    &lt;Browser&gt;InternetExplorer&lt;/Browser&gt;&#xD;&#xA;    &lt;EnableScriptLogging&gt;false&lt;/EnableScriptLogging&gt;&#xD;&#xA;    &lt;BaseUrl /&gt;&#xD;&#xA;    &lt;KillBrowserProcessOnClose&gt;false&lt;/KillBrowserProcessOnClose&gt;&#xD;&#xA;    &lt;UseHttpProxy&gt;false&lt;/UseHttpProxy&gt;&#xD;&#xA;    &lt;EnableSilverlight&gt;false&lt;/EnableSilverlight&gt;&#xD;&#xA;    &lt;VerboseHttpProxy&gt;false&lt;/VerboseHttpProxy&gt;&#xD;&#xA;    &lt;SilverlightConnectTimeout&gt;30000&lt;/SilverlightConnectTimeout&gt;&#xD;&#xA;  &lt;/Web&gt;&#xD;&#xA;  &lt;Wpf&gt;&#xD;&#xA;    &lt;DefaultApplicationPath /&gt;&#xD;&#xA;  &lt;/Wpf&gt;&#xD;&#xA;  &lt;CreateLogFile&gt;true&lt;/CreateLogFile&gt;&#xD;&#xA;  &lt;LogLocation&gt;C:\WebAiiLog\&lt;/LogLocation&gt;&#xD;&#xA;  &lt;QueryEventLogErrorsOnExit&gt;false&lt;/QueryEventLogErrorsOnExit&gt;&#xD;&#xA;  &lt;LogAnnotations&gt;false&lt;/LogAnnotations&gt;&#xD;&#xA;  &lt;SimulatedMouseMoveSpeed&gt;0.3&lt;/SimulatedMouseMoveSpeed&gt;&#xD;&#xA;  &lt;WaitCheckInterval&gt;500&lt;/WaitCheckInterval&gt;&#xD;&#xA;  &lt;ElementWaitTimeout&gt;10000&lt;/ElementWaitTimeout&gt;&#xD;&#xA;  &lt;ExecuteCommandTimeout&gt;20000&lt;/ExecuteCommandTimeout&gt;&#xD;&#xA;  &lt;ExecutionDelay&gt;0&lt;/ExecutionDelay&gt;&#xD;&#xA;  &lt;UnexpectedDialogAction&gt;HandleAndFailTest&lt;/UnexpectedDialogAction&gt;&#xD;&#xA;  &lt;AnnotateExecution&gt;false&lt;/AnnotateExecution&gt;&#xD;&#xA;  &lt;AnnotationMode&gt;All&lt;/AnnotationMode&gt;&#xD;&#xA;  &lt;XMultiMgr&gt;true&lt;/XMultiMgr&gt;&#xD;&#xA;  &lt;ClientReadyTimeout&gt;30000&lt;/ClientReadyTimeout&gt;&#xD;&#xA;&lt;/Settings&gt;" xmlns="http://artoftest.com/schemas/WebAiiDesignCanvas/1.0.0" />
      </TestTypeSpecific>
      <AgentRule name="LocalMachineDefaultRole">
      </AgentRule>
    </Execution>
  </TestSettings>
  <Times creation="2013-05-20T18:53:28.2750439+02:00" queuing="2013-05-20T18:53:28.3834243+02:00" start="2013-05-20T18:53:28.3970939+02:00" finish="2013-05-20T18:53:29.3315087+02:00" />
  <ResultSummary outcome="Failed">
    <Counters total="1" executed="1" error="0" failed="1" timeout="0" aborted="0" inconclusive="0" passedButRunAborted="0" notRunnable="0" notExecuted="0" disconnected="0" warning="0" passed="0" completed="0" inProgress="0" pending="0" />
  </ResultSummary>
  <TestDefinitions>
    <UnitTest name="SaveImageInDbTest" storage="c:\users\administrator\desktop\projetimage\test_functionsdb\bin\debug\test_functionsdb.dll" id="d2a7f5f8-66cd-1093-0261-52dce13ef8f5">
      <Execution id="6b738108-2595-4857-aa43-261d2f0e4666" />
      <TestMethod codeBase="C:/Users/Administrator/Desktop/projetImage/Test_functionsDb/bin/Debug/Test_functionsDb.DLL" adapterTypeName="Microsoft.VisualStudio.TestTools.TestTypes.Unit.UnitTestAdapter, Microsoft.VisualStudio.QualityTools.Tips.UnitTest.Adapter, Version=10.0.0.0, Culture=neutral, PublicKeyToken=b03f5f7f11d50a3a" className="Test_functionsDb.FunctionsDbTest, Test_functionsDb, Version=1.0.0.0, Culture=neutral, PublicKeyToken=null" name="SaveImageInDbTest" />
    </UnitTest>
  </TestDefinitions>
  <TestLists>
    <TestList name="Results Not in a List" id="8c84fa94-04c1-424b-9868-57a2d4851a1d" />
    <TestList name="All Loaded Results" id="19431567-8539-422a-85d7-44ee4e166bda" />
  </TestLists>
  <TestEntries>
    <TestEntry testId="d2a7f5f8-66cd-1093-0261-52dce13ef8f5" executionId="6b738108-2595-4857-aa43-261d2f0e4666" testListId="8c84fa94-04c1-424b-9868-57a2d4851a1d" />
  </TestEntries>
  <Results>
    <UnitTestResult executionId="6b738108-2595-4857-aa43-261d2f0e4666" testId="d2a7f5f8-66cd-1093-0261-52dce13ef8f5" testName="SaveImageInDbTest" computerName="WIN-GS9GMUJITS8" duration="00:00:00.2199681" startTime="2013-05-20T18:53:28.4053933+02:00" endTime="2013-05-20T18:53:28.7744725+02:00" testType="13cdc9d9-ddb5-4fa4-a97d-d965ccfc6d4b" outcome="Failed" testListId="8c84fa94-04c1-424b-9868-57a2d4851a1d" relativeResultsDirectory="6b738108-2595-4857-aa43-261d2f0e4666">
      <Output>
        <ErrorInfo>
          <Message>Test method Test_functionsDb.FunctionsDbTest.SaveImageInDbTest threw exception: 
System.TypeLoadException: Could not load type 'Castle.Proxies.SqlConnectionProxy' from assembly 'DynamicProxyGenAssembly2, Version=0.0.0.0, Culture=neutral, PublicKeyToken=a621a9e7e5c32e69' because the parent type is sealed.</Message>
          <StackTrace>    at System.Reflection.Emit.TypeBuilder.TermCreateClass(RuntimeModule module, Int32 tk, ObjectHandleOnStack type)
   at System.Reflection.Emit.TypeBuilder.CreateTypeNoLock()
   at System.Reflection.Emit.TypeBuilder.CreateType()
   at Castle.DynamicProxy.Generators.Emitters.AbstractTypeEmitter.CreateType(TypeBuilder type)
   at Castle.DynamicProxy.Generators.Emitters.AbstractTypeEmitter.BuildType()
   at Castle.DynamicProxy.Generators.ClassProxyGenerator.GenerateType(String name, Type[] interfaces, INamingScope namingScope)
   at Castle.DynamicProxy.Generators.ClassProxyGenerator.&lt;&gt;c__DisplayClass1.&lt;GenerateCode&gt;b__0(String n, INamingScope s)
   at Castle.DynamicProxy.Generators.BaseProxyGenerator.ObtainProxyType(CacheKey cacheKey, Func`3 factory)
   at Castle.DynamicProxy.Generators.ClassProxyGenerator.GenerateCode(Type[] interfaces, ProxyGenerationOptions options)
   at Castle.DynamicProxy.DefaultProxyBuilder.CreateClassProxyType(Type classToProxy, Type[] additionalInterfacesToProxy, ProxyGenerationOptions options)
   at Castle.DynamicProxy.ProxyGenerator.CreateClassProxy(Type classToProxy, Type[] additionalInterfacesToProxy, ProxyGenerationOptions options, Object[] constructorArguments, IInterceptor[] interceptors)
   at NSubstitute.Proxies.CastleDynamicProxy.CastleDynamicProxyFactory.CreateProxyUsingCastleProxyGenerator(Type typeToProxy, Type[] additionalInterfaces, Object[] constructorArguments, IInterceptor interceptor, ProxyGenerationOptions proxyGenerationOptions)
   at NSubstitute.Proxies.CastleDynamicProxy.CastleDynamicProxyFactory.GenerateProxy(ICallRouter callRouter, Type typeToProxy, Type[] additionalInterfaces, Object[] constructorArguments)
   at NSubstitute.Proxies.ProxyFactory.GenerateProxy(ICallRouter callRouter, Type typeToProxy, Type[] additionalInterfaces, Object[] constructorArguments)
   at NSubstitute.Core.SubstituteFactory.Create(Type[] typesToProxy, Object[] constructorArguments)
   at NSubstitute.Substitute.For(Type[] typesToProxy, Object[] constructorArguments)
   at NSubstitute.Substitute.For[T](Object[] constructorArguments)
   at Test_functionsDb.FunctionsDbTest.SaveImageInDbTest() in C:\Users\Administrator\Desktop\projetImage\Test_functionsDb\FunctionsDbTest.cs:line 77
</StackTrace>
        </ErrorInfo>
      </Output>
    </UnitTestResult>
  </Results>
</TestRun>