<?xml version="1.0" encoding="UTF-8"?>
<TestRun id="1fc42bfd-0db8-4f85-b258-3294c6cfb228" name="Administrator@WIN-GS9GMUJITS8 2013-05-22 09:36:23" runUser="WIN-GS9GMUJITS8\Administrator" xmlns="http://microsoft.com/schemas/VisualStudio/TeamTest/2010">
  <TestSettings name="Local" id="6464dd30-2dfc-410c-ba47-2153789fb911">
    <Description>These are default test settings for a local test run.</Description>
    <Deployment runDeploymentRoot="Administrator_WIN-GS9GMUJITS8 2013-05-22 09_36_23">
      <DeploymentItem filename="C:\Users\Administrator\Desktop\projetImage\projetImage\bin\Debug\projetImage.exe" />
      <DeploymentItem filename="C:\Users\Administrator\Desktop\DayTimeManagement-Exo1\packages\NSubstitute.1.6.0.0\lib\NET40\NSubstitute.dll" />
    </Deployment>
    <Execution>
      <TestTypeSpecific>
        <UnitTestRunConfig testTypeId="13cdc9d9-ddb5-4fa4-a97d-d965ccfc6d4b">
          <AssemblyResolution>
            <TestDirectory useLoadContext="true" />
          </AssemblyResolution>
        </UnitTestRunConfig>
        <WebTestRunConfiguration testTypeId="4e7599fa-5ecb-43e9-a887-cd63cf72d207">
          <Browser name="Internet Explorer 7.0">
            <Headers>
              <Header name="User-Agent" value="Mozilla/4.0 (compatible; MSIE 7.0; Windows NT 5.1)" />
              <Header name="Accept" value="*/*" />
              <Header name="Accept-Language" value="{{$IEAcceptLanguage}}" />
              <Header name="Accept-Encoding" value="GZIP" />
            </Headers>
          </Browser>
        </WebTestRunConfiguration>
        <WebAiiTestRunConfig testTypeId="c4241296-3c6e-46b1-bf92-e0bd3e0eb017" Settings="&lt;?xml version=&quot;1.0&quot; encoding=&quot;utf-16&quot;?&gt;&#xD;&#xA;&lt;Settings xmlns:xsi=&quot;http://www.w3.org/2001/XMLSchema-instance&quot; xmlns:xsd=&quot;http://www.w3.org/2001/XMLSchema&quot;&gt;&#xD;&#xA;  &lt;Web&gt;&#xD;&#xA;    &lt;WebKitExecutionDelay&gt;0&lt;/WebKitExecutionDelay&gt;&#xD;&#xA;    &lt;ExecutingBrowsers&gt;&#xD;&#xA;      &lt;BrowserExecutionType&gt;InternetExplorer&lt;/BrowserExecutionType&gt;&#xD;&#xA;      &lt;BrowserExecutionType&gt;InternetExplorer&lt;/BrowserExecutionType&gt;&#xD;&#xA;      &lt;BrowserExecutionType&gt;InternetExplorer&lt;/BrowserExecutionType&gt;&#xD;&#xA;      &lt;BrowserExecutionType&gt;InternetExplorer&lt;/BrowserExecutionType&gt;&#xD;&#xA;    &lt;/ExecutingBrowsers&gt;&#xD;&#xA;    &lt;UseMultiBrowserExecution&gt;false&lt;/UseMultiBrowserExecution&gt;&#xD;&#xA;    &lt;RecycleBrowser&gt;false&lt;/RecycleBrowser&gt;&#xD;&#xA;    &lt;AspNetDevServerPort&gt;-1&lt;/AspNetDevServerPort&gt;&#xD;&#xA;    &lt;LocalWebServer&gt;None&lt;/LocalWebServer&gt;&#xD;&#xA;    &lt;EnableUILessRequestViewing&gt;false&lt;/EnableUILessRequestViewing&gt;&#xD;&#xA;    &lt;WebAppPhysicalPath /&gt;&#xD;&#xA;    &lt;DefaultBrowser&gt;InternetExplorer&lt;/DefaultBrowser&gt;&#xD;&#xA;    &lt;Browser&gt;InternetExplorer&lt;/Browser&gt;&#xD;&#xA;    &lt;EnableScriptLogging&gt;false&lt;/EnableScriptLogging&gt;&#xD;&#xA;    &lt;BaseUrl /&gt;&#xD;&#xA;    &lt;KillBrowserProcessOnClose&gt;false&lt;/KillBrowserProcessOnClose&gt;&#xD;&#xA;    &lt;UseHttpProxy&gt;false&lt;/UseHttpProxy&gt;&#xD;&#xA;    &lt;EnableSilverlight&gt;false&lt;/EnableSilverlight&gt;&#xD;&#xA;    &lt;VerboseHttpProxy&gt;false&lt;/VerboseHttpProxy&gt;&#xD;&#xA;    &lt;SilverlightConnectTimeout&gt;30000&lt;/SilverlightConnectTimeout&gt;&#xD;&#xA;  &lt;/Web&gt;&#xD;&#xA;  &lt;Wpf&gt;&#xD;&#xA;    &lt;DefaultApplicationPath /&gt;&#xD;&#xA;  &lt;/Wpf&gt;&#xD;&#xA;  &lt;CreateLogFile&gt;true&lt;/CreateLogFile&gt;&#xD;&#xA;  &lt;LogLocation&gt;C:\WebAiiLog\&lt;/LogLocation&gt;&#xD;&#xA;  &lt;QueryEventLogErrorsOnExit&gt;false&lt;/QueryEventLogErrorsOnExit&gt;&#xD;&#xA;  &lt;LogAnnotations&gt;false&lt;/LogAnnotations&gt;&#xD;&#xA;  &lt;SimulatedMouseMoveSpeed&gt;0.3&lt;/SimulatedMouseMoveSpeed&gt;&#xD;&#xA;  &lt;WaitCheckInterval&gt;500&lt;/WaitCheckInterval&gt;&#xD;&#xA;  &lt;ElementWaitTimeout&gt;10000&lt;/ElementWaitTimeout&gt;&#xD;&#xA;  &lt;ExecuteCommandTimeout&gt;20000&lt;/ExecuteCommandTimeout&gt;&#xD;&#xA;  &lt;ExecutionDelay&gt;0&lt;/ExecutionDelay&gt;&#xD;&#xA;  &lt;UnexpectedDialogAction&gt;HandleAndFailTest&lt;/UnexpectedDialogAction&gt;&#xD;&#xA;  &lt;AnnotateExecution&gt;false&lt;/AnnotateExecution&gt;&#xD;&#xA;  &lt;AnnotationMode&gt;All&lt;/AnnotationMode&gt;&#xD;&#xA;  &lt;XMultiMgr&gt;true&lt;/XMultiMgr&gt;&#xD;&#xA;  &lt;ClientReadyTimeout&gt;30000&lt;/ClientReadyTimeout&gt;&#xD;&#xA;&lt;/Settings&gt;" xmlns="http://artoftest.com/schemas/WebAiiDesignCanvas/1.0.0" />
      </TestTypeSpecific>
      <AgentRule name="LocalMachineDefaultRole">
      </AgentRule>
    </Execution>
  </TestSettings>
  <Times creation="2013-05-22T09:36:23.2219426+02:00" queuing="2013-05-22T09:36:23.6090852+02:00" start="2013-05-22T09:36:23.7018432+02:00" finish="2013-05-22T09:36:24.5137198+02:00" />
  <ResultSummary outcome="Completed">
    <Counters total="7" executed="7" passed="7" error="0" failed="0" timeout="0" aborted="0" inconclusive="0" passedButRunAborted="0" notRunnable="0" notExecuted="0" disconnected="0" warning="0" completed="0" inProgress="0" pending="0" />
  </ResultSummary>
  <TestDefinitions>
    <UnitTest name="LoadImageFromFileTestPassTry" storage="c:\users\administrator\desktop\projetimage\tests_functionsfile\bin\debug\tests_functionsfile.dll" id="de489a3b-6c82-6740-f93f-fc1f2a975624">
      <Execution id="b678cae4-faf1-46a6-af66-35dd17c7d35f" />
      <TestMethod codeBase="C:/Users/Administrator/Desktop/projetImage/Tests_functionsFile/bin/Debug/Tests_functionsFile.DLL" adapterTypeName="Microsoft.VisualStudio.TestTools.TestTypes.Unit.UnitTestAdapter, Microsoft.VisualStudio.QualityTools.Tips.UnitTest.Adapter, Version=10.0.0.0, Culture=neutral, PublicKeyToken=b03f5f7f11d50a3a" className="Tests_functionsFile.FunctionsFileTest, Tests_functionsFile, Version=1.0.0.0, Culture=neutral, PublicKeyToken=null" name="LoadImageFromFileTestPassTry" />
    </UnitTest>
    <UnitTest name="LoadImageFromFileTestImgLoadedOk" storage="c:\users\administrator\desktop\projetimage\tests_functionsfile\bin\debug\tests_functionsfile.dll" id="78e81568-f394-7fb2-bf85-a7e662ee71d0">
      <Execution id="abe9a01c-cc40-43e2-8a73-57c8cbaaee70" />
      <TestMethod codeBase="C:/Users/Administrator/Desktop/projetImage/Tests_functionsFile/bin/Debug/Tests_functionsFile.DLL" adapterTypeName="Microsoft.VisualStudio.TestTools.TestTypes.Unit.UnitTestAdapter, Microsoft.VisualStudio.QualityTools.Tips.UnitTest.Adapter, Version=10.0.0.0, Culture=neutral, PublicKeyToken=b03f5f7f11d50a3a" className="Tests_functionsFile.FunctionsFileTest, Tests_functionsFile, Version=1.0.0.0, Culture=neutral, PublicKeyToken=null" name="LoadImageFromFileTestImgLoadedOk" />
    </UnitTest>
    <UnitTest name="loadImageFromDbTestSuccess_try" storage="c:\users\administrator\desktop\projetimage\test_functionsdb\bin\debug\test_functionsdb.dll" id="8c5ffd77-682c-977a-8122-3d049d039d60">
      <Execution id="b116dcef-e9e6-48c5-b128-4edea91dad40" />
      <TestMethod codeBase="C:/Users/Administrator/Desktop/projetImage/Test_functionsDb/bin/Debug/Test_functionsDb.DLL" adapterTypeName="Microsoft.VisualStudio.TestTools.TestTypes.Unit.UnitTestAdapter, Microsoft.VisualStudio.QualityTools.Tips.UnitTest.Adapter, Version=10.0.0.0, Culture=neutral, PublicKeyToken=b03f5f7f11d50a3a" className="Test_functionsDb.FunctionsDbTest, Test_functionsDb, Version=1.0.0.0, Culture=neutral, PublicKeyToken=null" name="loadImageFromDbTestSuccess_try" />
    </UnitTest>
    <UnitTest name="SaveImageInDbTestFail_Catch" storage="c:\users\administrator\desktop\projetimage\test_functionsdb\bin\debug\test_functionsdb.dll" id="4e45098c-b167-b6c8-97fc-f775533bcbb9">
      <Execution id="f0e032a0-55aa-4ef3-b78f-82f2466b8202" />
      <TestMethod codeBase="C:/Users/Administrator/Desktop/projetImage/Test_functionsDb/bin/Debug/Test_functionsDb.DLL" adapterTypeName="Microsoft.VisualStudio.TestTools.TestTypes.Unit.UnitTestAdapter, Microsoft.VisualStudio.QualityTools.Tips.UnitTest.Adapter, Version=10.0.0.0, Culture=neutral, PublicKeyToken=b03f5f7f11d50a3a" className="Test_functionsDb.FunctionsDbTest, Test_functionsDb, Version=1.0.0.0, Culture=neutral, PublicKeyToken=null" name="SaveImageInDbTestFail_Catch" />
    </UnitTest>
    <UnitTest name="LoadImageFromFileTestFailCatch" storage="c:\users\administrator\desktop\projetimage\tests_functionsfile\bin\debug\tests_functionsfile.dll" id="8d917dc5-5805-35cc-762e-6f7de5565b04">
      <Execution id="aab15bba-58ae-4a45-86a0-2fd638f0029e" />
      <TestMethod codeBase="C:/Users/Administrator/Desktop/projetImage/Tests_functionsFile/bin/Debug/Tests_functionsFile.DLL" adapterTypeName="Microsoft.VisualStudio.TestTools.TestTypes.Unit.UnitTestAdapter, Microsoft.VisualStudio.QualityTools.Tips.UnitTest.Adapter, Version=10.0.0.0, Culture=neutral, PublicKeyToken=b03f5f7f11d50a3a" className="Tests_functionsFile.FunctionsFileTest, Tests_functionsFile, Version=1.0.0.0, Culture=neutral, PublicKeyToken=null" name="LoadImageFromFileTestFailCatch" />
    </UnitTest>
    <UnitTest name="loadImageFromDbTestFail_catch" storage="c:\users\administrator\desktop\projetimage\test_functionsdb\bin\debug\test_functionsdb.dll" id="825fcdaf-2655-0db7-be3d-59d587a383c3">
      <Execution id="56aa95fb-0ffe-4d81-9e5b-59c64dd3776f" />
      <TestMethod codeBase="C:/Users/Administrator/Desktop/projetImage/Test_functionsDb/bin/Debug/Test_functionsDb.DLL" adapterTypeName="Microsoft.VisualStudio.TestTools.TestTypes.Unit.UnitTestAdapter, Microsoft.VisualStudio.QualityTools.Tips.UnitTest.Adapter, Version=10.0.0.0, Culture=neutral, PublicKeyToken=b03f5f7f11d50a3a" className="Test_functionsDb.FunctionsDbTest, Test_functionsDb, Version=1.0.0.0, Culture=neutral, PublicKeyToken=null" name="loadImageFromDbTestFail_catch" />
    </UnitTest>
    <UnitTest name="SaveImageInDbTestSuccess_Try" storage="c:\users\administrator\desktop\projetimage\test_functionsdb\bin\debug\test_functionsdb.dll" id="68aa9847-e153-f417-c23a-9e4f8d04f77d">
      <Execution id="5dfe1f37-b5be-4447-90e1-ad735a2e40f0" />
      <TestMethod codeBase="C:/Users/Administrator/Desktop/projetImage/Test_functionsDb/bin/Debug/Test_functionsDb.DLL" adapterTypeName="Microsoft.VisualStudio.TestTools.TestTypes.Unit.UnitTestAdapter, Microsoft.VisualStudio.QualityTools.Tips.UnitTest.Adapter, Version=10.0.0.0, Culture=neutral, PublicKeyToken=b03f5f7f11d50a3a" className="Test_functionsDb.FunctionsDbTest, Test_functionsDb, Version=1.0.0.0, Culture=neutral, PublicKeyToken=null" name="SaveImageInDbTestSuccess_Try" />
    </UnitTest>
  </TestDefinitions>
  <TestLists>
    <TestList name="Results Not in a List" id="8c84fa94-04c1-424b-9868-57a2d4851a1d" />
    <TestList name="All Loaded Results" id="19431567-8539-422a-85d7-44ee4e166bda" />
  </TestLists>
  <TestEntries>
    <TestEntry testId="4e45098c-b167-b6c8-97fc-f775533bcbb9" executionId="f0e032a0-55aa-4ef3-b78f-82f2466b8202" testListId="8c84fa94-04c1-424b-9868-57a2d4851a1d" />
    <TestEntry testId="68aa9847-e153-f417-c23a-9e4f8d04f77d" executionId="5dfe1f37-b5be-4447-90e1-ad735a2e40f0" testListId="8c84fa94-04c1-424b-9868-57a2d4851a1d" />
    <TestEntry testId="78e81568-f394-7fb2-bf85-a7e662ee71d0" executionId="abe9a01c-cc40-43e2-8a73-57c8cbaaee70" testListId="8c84fa94-04c1-424b-9868-57a2d4851a1d" />
    <TestEntry testId="825fcdaf-2655-0db7-be3d-59d587a383c3" executionId="56aa95fb-0ffe-4d81-9e5b-59c64dd3776f" testListId="8c84fa94-04c1-424b-9868-57a2d4851a1d" />
    <TestEntry testId="8c5ffd77-682c-977a-8122-3d049d039d60" executionId="b116dcef-e9e6-48c5-b128-4edea91dad40" testListId="8c84fa94-04c1-424b-9868-57a2d4851a1d" />
    <TestEntry testId="8d917dc5-5805-35cc-762e-6f7de5565b04" executionId="aab15bba-58ae-4a45-86a0-2fd638f0029e" testListId="8c84fa94-04c1-424b-9868-57a2d4851a1d" />
    <TestEntry testId="de489a3b-6c82-6740-f93f-fc1f2a975624" executionId="b678cae4-faf1-46a6-af66-35dd17c7d35f" testListId="8c84fa94-04c1-424b-9868-57a2d4851a1d" />
  </TestEntries>
  <Results>
    <UnitTestResult executionId="f0e032a0-55aa-4ef3-b78f-82f2466b8202" testId="4e45098c-b167-b6c8-97fc-f775533bcbb9" testName="SaveImageInDbTestFail_Catch" computerName="WIN-GS9GMUJITS8" duration="00:00:00.1609307" startTime="2013-05-22T09:36:23.7252768+02:00" endTime="2013-05-22T09:36:24.0567646+02:00" testType="13cdc9d9-ddb5-4fa4-a97d-d965ccfc6d4b" outcome="Passed" testListId="8c84fa94-04c1-424b-9868-57a2d4851a1d" relativeResultsDirectory="f0e032a0-55aa-4ef3-b78f-82f2466b8202">
    </UnitTestResult>
    <UnitTestResult executionId="5dfe1f37-b5be-4447-90e1-ad735a2e40f0" testId="68aa9847-e153-f417-c23a-9e4f8d04f77d" testName="SaveImageInDbTestSuccess_Try" computerName="WIN-GS9GMUJITS8" duration="00:00:00.0052420" startTime="2013-05-22T09:36:24.0631112+02:00" endTime="2013-05-22T09:36:24.0723870+02:00" testType="13cdc9d9-ddb5-4fa4-a97d-d965ccfc6d4b" outcome="Passed" testListId="8c84fa94-04c1-424b-9868-57a2d4851a1d" relativeResultsDirectory="5dfe1f37-b5be-4447-90e1-ad735a2e40f0">
    </UnitTestResult>
    <UnitTestResult executionId="abe9a01c-cc40-43e2-8a73-57c8cbaaee70" testId="78e81568-f394-7fb2-bf85-a7e662ee71d0" testName="LoadImageFromFileTestImgLoadedOk" computerName="WIN-GS9GMUJITS8" duration="00:00:00.0330698" startTime="2013-05-22T09:36:24.0738516+02:00" endTime="2013-05-22T09:36:24.2657142+02:00" testType="13cdc9d9-ddb5-4fa4-a97d-d965ccfc6d4b" outcome="Passed" testListId="8c84fa94-04c1-424b-9868-57a2d4851a1d" relativeResultsDirectory="abe9a01c-cc40-43e2-8a73-57c8cbaaee70">
    </UnitTestResult>
    <UnitTestResult executionId="56aa95fb-0ffe-4d81-9e5b-59c64dd3776f" testId="825fcdaf-2655-0db7-be3d-59d587a383c3" testName="loadImageFromDbTestFail_catch" computerName="WIN-GS9GMUJITS8" duration="00:00:00.0041921" startTime="2013-05-22T09:36:24.2730372+02:00" endTime="2013-05-22T09:36:24.2862186+02:00" testType="13cdc9d9-ddb5-4fa4-a97d-d965ccfc6d4b" outcome="Passed" testListId="8c84fa94-04c1-424b-9868-57a2d4851a1d" relativeResultsDirectory="56aa95fb-0ffe-4d81-9e5b-59c64dd3776f">
    </UnitTestResult>
    <UnitTestResult executionId="b116dcef-e9e6-48c5-b128-4edea91dad40" testId="8c5ffd77-682c-977a-8122-3d049d039d60" testName="loadImageFromDbTestSuccess_try" computerName="WIN-GS9GMUJITS8" duration="00:00:00.0010682" startTime="2013-05-22T09:36:24.2881714+02:00" endTime="2013-05-22T09:36:24.2930534+02:00" testType="13cdc9d9-ddb5-4fa4-a97d-d965ccfc6d4b" outcome="Passed" testListId="8c84fa94-04c1-424b-9868-57a2d4851a1d" relativeResultsDirectory="b116dcef-e9e6-48c5-b128-4edea91dad40">
    </UnitTestResult>
    <UnitTestResult executionId="aab15bba-58ae-4a45-86a0-2fd638f0029e" testId="8d917dc5-5805-35cc-762e-6f7de5565b04" testName="LoadImageFromFileTestFailCatch" computerName="WIN-GS9GMUJITS8" duration="00:00:00.1710438" startTime="2013-05-22T09:36:24.2945180+02:00" endTime="2013-05-22T09:36:24.4697818+02:00" testType="13cdc9d9-ddb5-4fa4-a97d-d965ccfc6d4b" outcome="Passed" testListId="8c84fa94-04c1-424b-9868-57a2d4851a1d" relativeResultsDirectory="aab15bba-58ae-4a45-86a0-2fd638f0029e">
    </UnitTestResult>
    <UnitTestResult executionId="b678cae4-faf1-46a6-af66-35dd17c7d35f" testId="de489a3b-6c82-6740-f93f-fc1f2a975624" testName="LoadImageFromFileTestPassTry" computerName="WIN-GS9GMUJITS8" duration="00:00:00.0047232" startTime="2013-05-22T09:36:24.4717346+02:00" endTime="2013-05-22T09:36:24.4854042+02:00" testType="13cdc9d9-ddb5-4fa4-a97d-d965ccfc6d4b" outcome="Passed" testListId="8c84fa94-04c1-424b-9868-57a2d4851a1d" relativeResultsDirectory="b678cae4-faf1-46a6-af66-35dd17c7d35f">
    </UnitTestResult>
  </Results>
</TestRun>