<?xml version="1.0" encoding="UTF-8"?>
<TestRun id="79fd5978-6a37-4b8a-b680-2fcc191ee3ea" name="Administrator@WIN-GS9GMUJITS8 2013-05-20 17:53:35" runUser="WIN-GS9GMUJITS8\Administrator" xmlns="http://microsoft.com/schemas/VisualStudio/TeamTest/2010">
  <TestSettings name="Local" id="6464dd30-2dfc-410c-ba47-2153789fb911">
    <Description>These are default test settings for a local test run.</Description>
    <Deployment runDeploymentRoot="Administrator_WIN-GS9GMUJITS8 2013-05-20 17_53_35">
      <DeploymentItem filename="C:\Users\Administrator\Desktop\projetImage\projetImage\bin\Debug\projetImage.exe" />
      <DeploymentItem filename="C:\Users\Administrator\Desktop\DayTimeManagement-Exo1\packages\NSubstitute.1.6.0.0\lib\NET40\NSubstitute.dll" />
    </Deployment>
    <Execution>
      <TestTypeSpecific>
        <UnitTestRunConfig testTypeId="13cdc9d9-ddb5-4fa4-a97d-d965ccfc6d4b">
          <AssemblyResolution>
            <TestDirectory useLoadContext="true" />
          </AssemblyResolution>
        </UnitTestRunConfig>
        <WebTestRunConfiguration testTypeId="4e7599fa-5ecb-43e9-a887-cd63cf72d207">
          <Browser name="Internet Explorer 7.0">
            <Headers>
              <Header name="User-Agent" value="Mozilla/4.0 (compatible; MSIE 7.0; Windows NT 5.1)" />
              <Header name="Accept" value="*/*" />
              <Header name="Accept-Language" value="{{$IEAcceptLanguage}}" />
              <Header name="Accept-Encoding" value="GZIP" />
            </Headers>
          </Browser>
        </WebTestRunConfiguration>
        <WebAiiTestRunConfig testTypeId="c4241296-3c6e-46b1-bf92-e0bd3e0eb017" Settings="&lt;?xml version=&quot;1.0&quot; encoding=&quot;utf-16&quot;?&gt;&#xD;&#xA;&lt;Settings xmlns:xsi=&quot;http://www.w3.org/2001/XMLSchema-instance&quot; xmlns:xsd=&quot;http://www.w3.org/2001/XMLSchema&quot;&gt;&#xD;&#xA;  &lt;Web&gt;&#xD;&#xA;    &lt;WebKitExecutionDelay&gt;0&lt;/WebKitExecutionDelay&gt;&#xD;&#xA;    &lt;ExecutingBrowsers&gt;&#xD;&#xA;      &lt;BrowserExecutionType&gt;InternetExplorer&lt;/BrowserExecutionType&gt;&#xD;&#xA;      &lt;BrowserExecutionType&gt;InternetExplorer&lt;/BrowserExecutionType&gt;&#xD;&#xA;      &lt;BrowserExecutionType&gt;InternetExplorer&lt;/BrowserExecutionType&gt;&#xD;&#xA;    &lt;/ExecutingBrowsers&gt;&#xD;&#xA;    &lt;UseMultiBrowserExecution&gt;false&lt;/UseMultiBrowserExecution&gt;&#xD;&#xA;    &lt;RecycleBrowser&gt;false&lt;/RecycleBrowser&gt;&#xD;&#xA;    &lt;AspNetDevServerPort&gt;-1&lt;/AspNetDevServerPort&gt;&#xD;&#xA;    &lt;LocalWebServer&gt;None&lt;/LocalWebServer&gt;&#xD;&#xA;    &lt;EnableUILessRequestViewing&gt;false&lt;/EnableUILessRequestViewing&gt;&#xD;&#xA;    &lt;WebAppPhysicalPath /&gt;&#xD;&#xA;    &lt;DefaultBrowser&gt;InternetExplorer&lt;/DefaultBrowser&gt;&#xD;&#xA;    &lt;Browser&gt;InternetExplorer&lt;/Browser&gt;&#xD;&#xA;    &lt;EnableScriptLogging&gt;false&lt;/EnableScriptLogging&gt;&#xD;&#xA;    &lt;BaseUrl /&gt;&#xD;&#xA;    &lt;KillBrowserProcessOnClose&gt;false&lt;/KillBrowserProcessOnClose&gt;&#xD;&#xA;    &lt;UseHttpProxy&gt;false&lt;/UseHttpProxy&gt;&#xD;&#xA;    &lt;EnableSilverlight&gt;false&lt;/EnableSilverlight&gt;&#xD;&#xA;    &lt;VerboseHttpProxy&gt;false&lt;/VerboseHttpProxy&gt;&#xD;&#xA;    &lt;SilverlightConnectTimeout&gt;30000&lt;/SilverlightConnectTimeout&gt;&#xD;&#xA;  &lt;/Web&gt;&#xD;&#xA;  &lt;Wpf&gt;&#xD;&#xA;    &lt;DefaultApplicationPath /&gt;&#xD;&#xA;  &lt;/Wpf&gt;&#xD;&#xA;  &lt;CreateLogFile&gt;true&lt;/CreateLogFile&gt;&#xD;&#xA;  &lt;LogLocation&gt;C:\WebAiiLog\&lt;/LogLocation&gt;&#xD;&#xA;  &lt;QueryEventLogErrorsOnExit&gt;false&lt;/QueryEventLogErrorsOnExit&gt;&#xD;&#xA;  &lt;LogAnnotations&gt;false&lt;/LogAnnotations&gt;&#xD;&#xA;  &lt;SimulatedMouseMoveSpeed&gt;0.3&lt;/SimulatedMouseMoveSpeed&gt;&#xD;&#xA;  &lt;WaitCheckInterval&gt;500&lt;/WaitCheckInterval&gt;&#xD;&#xA;  &lt;ElementWaitTimeout&gt;10000&lt;/ElementWaitTimeout&gt;&#xD;&#xA;  &lt;ExecuteCommandTimeout&gt;20000&lt;/ExecuteCommandTimeout&gt;&#xD;&#xA;  &lt;ExecutionDelay&gt;0&lt;/ExecutionDelay&gt;&#xD;&#xA;  &lt;UnexpectedDialogAction&gt;HandleAndFailTest&lt;/UnexpectedDialogAction&gt;&#xD;&#xA;  &lt;AnnotateExecution&gt;false&lt;/AnnotateExecution&gt;&#xD;&#xA;  &lt;AnnotationMode&gt;All&lt;/AnnotationMode&gt;&#xD;&#xA;  &lt;XMultiMgr&gt;true&lt;/XMultiMgr&gt;&#xD;&#xA;  &lt;ClientReadyTimeout&gt;30000&lt;/ClientReadyTimeout&gt;&#xD;&#xA;&lt;/Settings&gt;" xmlns="http://artoftest.com/schemas/WebAiiDesignCanvas/1.0.0" />
      </TestTypeSpecific>
      <AgentRule name="LocalMachineDefaultRole">
        <DataCollectors>
          <DataCollector uri="datacollector://microsoft/CodeCoverage/1.0" assemblyQualifiedName="Microsoft.VisualStudio.TestTools.CodeCoverage.CoveragePlugIn, Microsoft.VisualStudio.QualityTools.Plugins.CodeCoverage, Version=10.0.0.0, Culture=neutral, PublicKeyToken=b03f5f7f11d50a3a" friendlyName="Code Coverage">
            <Configuration>
              <CodeCoverage xmlns="">
                <Regular>
                  <CodeCoverageItem binaryFile="C:\Users\Administrator\Desktop\projetImage\projetImage\bin\Debug\projetImage.exe" pdbFile="C:\Users\Administrator\Desktop\projetImage\projetImage\bin\Debug\projetImage.instr.pdb" instrumentInPlace="true" />
                  <CodeCoverageItem binaryFile="C:\Users\Administrator\Desktop\projetImage\Tests_functionsFile\bin\Debug\Tests_functionsFile.dll" pdbFile="C:\Users\Administrator\Desktop\projetImage\Tests_functionsFile\bin\Debug\Tests_functionsFile.instr.pdb" instrumentInPlace="true" />
                </Regular>
              </CodeCoverage>
            </Configuration>
          </DataCollector>
        </DataCollectors>
      </AgentRule>
    </Execution>
  </TestSettings>
  <Times creation="2013-05-20T17:53:35.8842622+02:00" queuing="2013-05-20T17:53:36.1669879+02:00" start="2013-05-20T17:53:36.2290020+02:00" finish="2013-05-20T17:53:40.2037640+02:00" />
  <ResultSummary outcome="Failed">
    <Counters total="6" executed="6" passed="2" error="0" failed="2" timeout="0" aborted="0" inconclusive="2" passedButRunAborted="0" notRunnable="0" notExecuted="0" disconnected="0" warning="0" completed="0" inProgress="0" pending="0" />
    <ResultFiles>
      <ResultFile path="WIN-GS9GMUJITS8\data.coverage" />
    </ResultFiles>
  </ResultSummary>
  <TestDefinitions>
    <UnitTest name="CheckNameTest" storage="c:\users\administrator\desktop\projetimage\tests_functionsfile\bin\debug\tests_functionsfile.dll" id="55c77c37-b36d-698d-c1df-de2892121e36">
      <Execution id="1374ae65-2c19-4e13-bd22-9031e345e1e3" />
      <TestMethod codeBase="C:/Users/Administrator/Desktop/projetImage/Tests_functionsFile/bin/Debug/Tests_functionsFile.DLL" adapterTypeName="Microsoft.VisualStudio.TestTools.TestTypes.Unit.UnitTestAdapter, Microsoft.VisualStudio.QualityTools.Tips.UnitTest.Adapter, Version=10.0.0.0, Culture=neutral, PublicKeyToken=b03f5f7f11d50a3a" className="Tests_functionsFile.FunctionsFileTest, Tests_functionsFile, Version=1.0.0.0, Culture=neutral, PublicKeyToken=null" name="CheckNameTest" />
    </UnitTest>
    <UnitTest name="SaveImageTest" storage="c:\users\administrator\desktop\projetimage\tests_functionsfile\bin\debug\tests_functionsfile.dll" id="0c98cc3d-1e9b-7192-cdc8-77e28fcb304c">
      <Execution id="facc3835-2925-438a-a985-02cea29b92f9" />
      <TestMethod codeBase="C:/Users/Administrator/Desktop/projetImage/Tests_functionsFile/bin/Debug/Tests_functionsFile.DLL" adapterTypeName="Microsoft.VisualStudio.TestTools.TestTypes.Unit.UnitTestAdapter, Microsoft.VisualStudio.QualityTools.Tips.UnitTest.Adapter, Version=10.0.0.0, Culture=neutral, PublicKeyToken=b03f5f7f11d50a3a" className="Tests_functionsFile.FunctionsFileTest, Tests_functionsFile, Version=1.0.0.0, Culture=neutral, PublicKeyToken=null" name="SaveImageTest" />
    </UnitTest>
    <UnitTest name="LoadImageFromFileTestExeception" storage="c:\users\administrator\desktop\projetimage\tests_functionsfile\bin\debug\tests_functionsfile.dll" id="e16760fb-3533-3644-f93e-eff5730ab7d8">
      <Execution id="8cea9aa4-7cfb-472c-bd32-f645dbbdb42d" />
      <TestMethod codeBase="C:/Users/Administrator/Desktop/projetImage/Tests_functionsFile/bin/Debug/Tests_functionsFile.DLL" adapterTypeName="Microsoft.VisualStudio.TestTools.TestTypes.Unit.UnitTestAdapter, Microsoft.VisualStudio.QualityTools.Tips.UnitTest.Adapter, Version=10.0.0.0, Culture=neutral, PublicKeyToken=b03f5f7f11d50a3a" className="Tests_functionsFile.FunctionsFileTest, Tests_functionsFile, Version=1.0.0.0, Culture=neutral, PublicKeyToken=null" name="LoadImageFromFileTestExeception" />
    </UnitTest>
    <UnitTest name="LoadImageFromDbTest" storage="c:\users\administrator\desktop\projetimage\tests_functionsfile\bin\debug\tests_functionsfile.dll" id="4c429f0a-cc72-2bae-3001-5dd416821c9c">
      <Execution id="855d9a60-2e6b-42fe-9908-f2f306ac1d90" />
      <TestMethod codeBase="C:/Users/Administrator/Desktop/projetImage/Tests_functionsFile/bin/Debug/Tests_functionsFile.DLL" adapterTypeName="Microsoft.VisualStudio.TestTools.TestTypes.Unit.UnitTestAdapter, Microsoft.VisualStudio.QualityTools.Tips.UnitTest.Adapter, Version=10.0.0.0, Culture=neutral, PublicKeyToken=b03f5f7f11d50a3a" className="Tests_functionsFile.FunctionsFileTest, Tests_functionsFile, Version=1.0.0.0, Culture=neutral, PublicKeyToken=null" name="LoadImageFromDbTest" />
    </UnitTest>
    <UnitTest name="LoadImageFromFileTest" storage="c:\users\administrator\desktop\projetimage\tests_functionsfile\bin\debug\tests_functionsfile.dll" id="ca36de9f-426b-ba9b-29e7-3bf6091782e8">
      <Execution id="99e75c07-4962-4d22-aa0a-3ea9343e0704" />
      <TestMethod codeBase="C:/Users/Administrator/Desktop/projetImage/Tests_functionsFile/bin/Debug/Tests_functionsFile.DLL" adapterTypeName="Microsoft.VisualStudio.TestTools.TestTypes.Unit.UnitTestAdapter, Microsoft.VisualStudio.QualityTools.Tips.UnitTest.Adapter, Version=10.0.0.0, Culture=neutral, PublicKeyToken=b03f5f7f11d50a3a" className="Tests_functionsFile.FunctionsFileTest, Tests_functionsFile, Version=1.0.0.0, Culture=neutral, PublicKeyToken=null" name="LoadImageFromFileTest" />
    </UnitTest>
    <UnitTest name="FunctionsFileConstructorTest" storage="c:\users\administrator\desktop\projetimage\tests_functionsfile\bin\debug\tests_functionsfile.dll" id="c01dd97c-e46a-9fc2-b394-1057ceee25fa">
      <Execution id="34ce0d84-4668-46ba-b567-973a0ba08f6e" />
      <TestMethod codeBase="C:/Users/Administrator/Desktop/projetImage/Tests_functionsFile/bin/Debug/Tests_functionsFile.DLL" adapterTypeName="Microsoft.VisualStudio.TestTools.TestTypes.Unit.UnitTestAdapter, Microsoft.VisualStudio.QualityTools.Tips.UnitTest.Adapter, Version=10.0.0.0, Culture=neutral, PublicKeyToken=b03f5f7f11d50a3a" className="Tests_functionsFile.FunctionsFileTest, Tests_functionsFile, Version=1.0.0.0, Culture=neutral, PublicKeyToken=null" name="FunctionsFileConstructorTest" />
    </UnitTest>
  </TestDefinitions>
  <TestLists>
    <TestList name="Results Not in a List" id="8c84fa94-04c1-424b-9868-57a2d4851a1d" />
    <TestList name="All Loaded Results" id="19431567-8539-422a-85d7-44ee4e166bda" />
  </TestLists>
  <TestEntries>
    <TestEntry testId="0c98cc3d-1e9b-7192-cdc8-77e28fcb304c" executionId="facc3835-2925-438a-a985-02cea29b92f9" testListId="8c84fa94-04c1-424b-9868-57a2d4851a1d" />
    <TestEntry testId="4c429f0a-cc72-2bae-3001-5dd416821c9c" executionId="855d9a60-2e6b-42fe-9908-f2f306ac1d90" testListId="8c84fa94-04c1-424b-9868-57a2d4851a1d" />
    <TestEntry testId="55c77c37-b36d-698d-c1df-de2892121e36" executionId="1374ae65-2c19-4e13-bd22-9031e345e1e3" testListId="8c84fa94-04c1-424b-9868-57a2d4851a1d" />
    <TestEntry testId="c01dd97c-e46a-9fc2-b394-1057ceee25fa" executionId="34ce0d84-4668-46ba-b567-973a0ba08f6e" testListId="8c84fa94-04c1-424b-9868-57a2d4851a1d" />
    <TestEntry testId="ca36de9f-426b-ba9b-29e7-3bf6091782e8" executionId="99e75c07-4962-4d22-aa0a-3ea9343e0704" testListId="8c84fa94-04c1-424b-9868-57a2d4851a1d" />
    <TestEntry testId="e16760fb-3533-3644-f93e-eff5730ab7d8" executionId="8cea9aa4-7cfb-472c-bd32-f645dbbdb42d" testListId="8c84fa94-04c1-424b-9868-57a2d4851a1d" />
  </TestEntries>
  <Results>
    <UnitTestResult executionId="facc3835-2925-438a-a985-02cea29b92f9" testId="0c98cc3d-1e9b-7192-cdc8-77e28fcb304c" testName="SaveImageTest" computerName="WIN-GS9GMUJITS8" duration="00:00:00.0594298" startTime="2013-05-20T17:53:36.8515845+02:00" endTime="2013-05-20T17:53:37.1553071+02:00" testType="13cdc9d9-ddb5-4fa4-a97d-d965ccfc6d4b" outcome="Failed" testListId="8c84fa94-04c1-424b-9868-57a2d4851a1d" relativeResultsDirectory="facc3835-2925-438a-a985-02cea29b92f9">
      <Output>
        <ErrorInfo>
          <Message>Test method Tests_functionsFile.FunctionsFileTest.SaveImageTest threw exception: 
System.NullReferenceException: Object reference not set to an instance of an object.</Message>
          <StackTrace>    at projetImage.FunctionsFile.SaveImage() in C:\Users\Administrator\Desktop\projetImage\projetImage\FunctionsFile.cs:line 102
   at Tests_functionsFile.FunctionsFileTest.SaveImageTest() in C:\Users\Administrator\Desktop\projetImage\Tests_functionsFile\FunctionsFileTest.cs:line 79
</StackTrace>
        </ErrorInfo>
      </Output>
    </UnitTestResult>
    <UnitTestResult executionId="855d9a60-2e6b-42fe-9908-f2f306ac1d90" testId="4c429f0a-cc72-2bae-3001-5dd416821c9c" testName="LoadImageFromDbTest" computerName="WIN-GS9GMUJITS8" duration="00:00:01.5724272" startTime="2013-05-20T17:53:37.1582369+02:00" endTime="2013-05-20T17:53:38.7378874+02:00" testType="13cdc9d9-ddb5-4fa4-a97d-d965ccfc6d4b" outcome="Inconclusive" testListId="8c84fa94-04c1-424b-9868-57a2d4851a1d" relativeResultsDirectory="855d9a60-2e6b-42fe-9908-f2f306ac1d90">
      <Output>
        <ErrorInfo>
          <Message>Assert.Inconclusive failed. A method that does not return a value cannot be verified.</Message>
          <StackTrace>   at Tests_functionsFile.FunctionsFileTest.LoadImageFromDbTest() in C:\Users\Administrator\Desktop\projetImage\Tests_functionsFile\FunctionsFileTest.cs:line 119
</StackTrace>
        </ErrorInfo>
      </Output>
    </UnitTestResult>
    <UnitTestResult executionId="1374ae65-2c19-4e13-bd22-9031e345e1e3" testId="55c77c37-b36d-698d-c1df-de2892121e36" testName="CheckNameTest" computerName="WIN-GS9GMUJITS8" duration="00:00:00.0016365" startTime="2013-05-20T17:53:38.7398406+02:00" endTime="2013-05-20T17:53:38.7491183+02:00" testType="13cdc9d9-ddb5-4fa4-a97d-d965ccfc6d4b" outcome="Failed" testListId="8c84fa94-04c1-424b-9868-57a2d4851a1d" relativeResultsDirectory="1374ae65-2c19-4e13-bd22-9031e345e1e3">
      <Output>
        <ErrorInfo>
          <Message>Assert.AreEqual failed. Expected:&lt;&gt;. Actual:&lt;no_name&gt;. </Message>
          <StackTrace>   at Tests_functionsFile.FunctionsFileTest.CheckNameTest() in C:\Users\Administrator\Desktop\projetImage\Tests_functionsFile\FunctionsFileTest.cs:line 106
</StackTrace>
        </ErrorInfo>
      </Output>
    </UnitTestResult>
    <UnitTestResult executionId="34ce0d84-4668-46ba-b567-973a0ba08f6e" testId="c01dd97c-e46a-9fc2-b394-1057ceee25fa" testName="FunctionsFileConstructorTest" computerName="WIN-GS9GMUJITS8" duration="00:00:00.0016178" startTime="2013-05-20T17:53:38.7515598+02:00" endTime="2013-05-20T17:53:38.7642556+02:00" testType="13cdc9d9-ddb5-4fa4-a97d-d965ccfc6d4b" outcome="Inconclusive" testListId="8c84fa94-04c1-424b-9868-57a2d4851a1d" relativeResultsDirectory="34ce0d84-4668-46ba-b567-973a0ba08f6e">
      <Output>
        <ErrorInfo>
          <Message>Assert.Inconclusive failed. TODO: Implement code to verify target</Message>
          <StackTrace>   at Tests_functionsFile.FunctionsFileTest.FunctionsFileConstructorTest() in C:\Users\Administrator\Desktop\projetImage\Tests_functionsFile\FunctionsFileTest.cs:line 90
</StackTrace>
        </ErrorInfo>
      </Output>
    </UnitTestResult>
    <UnitTestResult executionId="99e75c07-4962-4d22-aa0a-3ea9343e0704" testId="ca36de9f-426b-ba9b-29e7-3bf6091782e8" testName="LoadImageFromFileTest" computerName="WIN-GS9GMUJITS8" duration="00:00:00.0314472" startTime="2013-05-20T17:53:38.7662088+02:00" endTime="2013-05-20T17:53:38.8116207+02:00" testType="13cdc9d9-ddb5-4fa4-a97d-d965ccfc6d4b" outcome="Passed" testListId="8c84fa94-04c1-424b-9868-57a2d4851a1d" relativeResultsDirectory="99e75c07-4962-4d22-aa0a-3ea9343e0704">
    </UnitTestResult>
    <UnitTestResult executionId="8cea9aa4-7cfb-472c-bd32-f645dbbdb42d" testId="e16760fb-3533-3644-f93e-eff5730ab7d8" testName="LoadImageFromFileTestExeception" computerName="WIN-GS9GMUJITS8" duration="00:00:00.1998421" startTime="2013-05-20T17:53:38.8150388+02:00" endTime="2013-05-20T17:53:39.0201248+02:00" testType="13cdc9d9-ddb5-4fa4-a97d-d965ccfc6d4b" outcome="Passed" testListId="8c84fa94-04c1-424b-9868-57a2d4851a1d" relativeResultsDirectory="8cea9aa4-7cfb-472c-bd32-f645dbbdb42d">
    </UnitTestResult>
  </Results>
</TestRun>