<?xml version="1.0" encoding="UTF-8"?>
<TestRun id="66b7f619-23b5-462d-a17b-d4fb7e9c192b" name="Administrator@WIN-GS9GMUJITS8 2013-05-20 19:24:01" runUser="WIN-GS9GMUJITS8\Administrator" xmlns="http://microsoft.com/schemas/VisualStudio/TeamTest/2010">
  <TestSettings name="Local" id="6464dd30-2dfc-410c-ba47-2153789fb911">
    <Description>These are default test settings for a local test run.</Description>
    <Deployment runDeploymentRoot="Administrator_WIN-GS9GMUJITS8 2013-05-20 19_24_01">
      <DeploymentItem filename="C:\Users\Administrator\Desktop\projetImage\projetImage\bin\Debug\projetImage.exe" />
      <DeploymentItem filename="C:\Users\Administrator\Desktop\DayTimeManagement-Exo1\packages\NSubstitute.1.6.0.0\lib\NET40\NSubstitute.dll" />
    </Deployment>
    <Execution>
      <TestTypeSpecific>
        <UnitTestRunConfig testTypeId="13cdc9d9-ddb5-4fa4-a97d-d965ccfc6d4b">
          <AssemblyResolution>
            <TestDirectory useLoadContext="true" />
          </AssemblyResolution>
        </UnitTestRunConfig>
        <WebTestRunConfiguration testTypeId="4e7599fa-5ecb-43e9-a887-cd63cf72d207">
          <Browser name="Internet Explorer 7.0">
            <Headers>
              <Header name="User-Agent" value="Mozilla/4.0 (compatible; MSIE 7.0; Windows NT 5.1)" />
              <Header name="Accept" value="*/*" />
              <Header name="Accept-Language" value="{{$IEAcceptLanguage}}" />
              <Header name="Accept-Encoding" value="GZIP" />
            </Headers>
          </Browser>
        </WebTestRunConfiguration>
        <WebAiiTestRunConfig testTypeId="c4241296-3c6e-46b1-bf92-e0bd3e0eb017" Settings="&lt;?xml version=&quot;1.0&quot; encoding=&quot;utf-16&quot;?&gt;&#xD;&#xA;&lt;Settings xmlns:xsi=&quot;http://www.w3.org/2001/XMLSchema-instance&quot; xmlns:xsd=&quot;http://www.w3.org/2001/XMLSchema&quot;&gt;&#xD;&#xA;  &lt;Web&gt;&#xD;&#xA;    &lt;WebKitExecutionDelay&gt;0&lt;/WebKitExecutionDelay&gt;&#xD;&#xA;    &lt;ExecutingBrowsers&gt;&#xD;&#xA;      &lt;BrowserExecutionType&gt;InternetExplorer&lt;/BrowserExecutionType&gt;&#xD;&#xA;      &lt;BrowserExecutionType&gt;InternetExplorer&lt;/BrowserExecutionType&gt;&#xD;&#xA;      &lt;BrowserExecutionType&gt;InternetExplorer&lt;/BrowserExecutionType&gt;&#xD;&#xA;      &lt;BrowserExecutionType&gt;InternetExplorer&lt;/BrowserExecutionType&gt;&#xD;&#xA;    &lt;/ExecutingBrowsers&gt;&#xD;&#xA;    &lt;UseMultiBrowserExecution&gt;false&lt;/UseMultiBrowserExecution&gt;&#xD;&#xA;    &lt;RecycleBrowser&gt;false&lt;/RecycleBrowser&gt;&#xD;&#xA;    &lt;AspNetDevServerPort&gt;-1&lt;/AspNetDevServerPort&gt;&#xD;&#xA;    &lt;LocalWebServer&gt;None&lt;/LocalWebServer&gt;&#xD;&#xA;    &lt;EnableUILessRequestViewing&gt;false&lt;/EnableUILessRequestViewing&gt;&#xD;&#xA;    &lt;WebAppPhysicalPath /&gt;&#xD;&#xA;    &lt;DefaultBrowser&gt;InternetExplorer&lt;/DefaultBrowser&gt;&#xD;&#xA;    &lt;Browser&gt;InternetExplorer&lt;/Browser&gt;&#xD;&#xA;    &lt;EnableScriptLogging&gt;false&lt;/EnableScriptLogging&gt;&#xD;&#xA;    &lt;BaseUrl /&gt;&#xD;&#xA;    &lt;KillBrowserProcessOnClose&gt;false&lt;/KillBrowserProcessOnClose&gt;&#xD;&#xA;    &lt;UseHttpProxy&gt;false&lt;/UseHttpProxy&gt;&#xD;&#xA;    &lt;EnableSilverlight&gt;false&lt;/EnableSilverlight&gt;&#xD;&#xA;    &lt;VerboseHttpProxy&gt;false&lt;/VerboseHttpProxy&gt;&#xD;&#xA;    &lt;SilverlightConnectTimeout&gt;30000&lt;/SilverlightConnectTimeout&gt;&#xD;&#xA;  &lt;/Web&gt;&#xD;&#xA;  &lt;Wpf&gt;&#xD;&#xA;    &lt;DefaultApplicationPath /&gt;&#xD;&#xA;  &lt;/Wpf&gt;&#xD;&#xA;  &lt;CreateLogFile&gt;true&lt;/CreateLogFile&gt;&#xD;&#xA;  &lt;LogLocation&gt;C:\WebAiiLog\&lt;/LogLocation&gt;&#xD;&#xA;  &lt;QueryEventLogErrorsOnExit&gt;false&lt;/QueryEventLogErrorsOnExit&gt;&#xD;&#xA;  &lt;LogAnnotations&gt;false&lt;/LogAnnotations&gt;&#xD;&#xA;  &lt;SimulatedMouseMoveSpeed&gt;0.3&lt;/SimulatedMouseMoveSpeed&gt;&#xD;&#xA;  &lt;WaitCheckInterval&gt;500&lt;/WaitCheckInterval&gt;&#xD;&#xA;  &lt;ElementWaitTimeout&gt;10000&lt;/ElementWaitTimeout&gt;&#xD;&#xA;  &lt;ExecuteCommandTimeout&gt;20000&lt;/ExecuteCommandTimeout&gt;&#xD;&#xA;  &lt;ExecutionDelay&gt;0&lt;/ExecutionDelay&gt;&#xD;&#xA;  &lt;UnexpectedDialogAction&gt;HandleAndFailTest&lt;/UnexpectedDialogAction&gt;&#xD;&#xA;  &lt;AnnotateExecution&gt;false&lt;/AnnotateExecution&gt;&#xD;&#xA;  &lt;AnnotationMode&gt;All&lt;/AnnotationMode&gt;&#xD;&#xA;  &lt;XMultiMgr&gt;true&lt;/XMultiMgr&gt;&#xD;&#xA;  &lt;ClientReadyTimeout&gt;30000&lt;/ClientReadyTimeout&gt;&#xD;&#xA;&lt;/Settings&gt;" xmlns="http://artoftest.com/schemas/WebAiiDesignCanvas/1.0.0" />
      </TestTypeSpecific>
      <AgentRule name="LocalMachineDefaultRole">
      </AgentRule>
    </Execution>
  </TestSettings>
  <Times creation="2013-05-20T19:24:01.4123419+02:00" queuing="2013-05-20T19:24:01.5983461+02:00" start="2013-05-20T19:24:01.6081101+02:00" finish="2013-05-20T19:24:02.3853245+02:00" />
  <ResultSummary outcome="Completed">
    <Counters total="7" executed="7" passed="7" error="0" failed="0" timeout="0" aborted="0" inconclusive="0" passedButRunAborted="0" notRunnable="0" notExecuted="0" disconnected="0" warning="0" completed="0" inProgress="0" pending="0" />
  </ResultSummary>
  <TestDefinitions>
    <UnitTest name="LoadImageFromFileTestPassTry" storage="c:\users\administrator\desktop\projetimage\tests_functionsfile\bin\debug\tests_functionsfile.dll" id="de489a3b-6c82-6740-f93f-fc1f2a975624">
      <Execution id="894e3132-86e0-44d3-afef-ac2b1a61a988" />
      <TestMethod codeBase="C:/Users/Administrator/Desktop/projetImage/Tests_functionsFile/bin/Debug/Tests_functionsFile.DLL" adapterTypeName="Microsoft.VisualStudio.TestTools.TestTypes.Unit.UnitTestAdapter, Microsoft.VisualStudio.QualityTools.Tips.UnitTest.Adapter, Version=10.0.0.0, Culture=neutral, PublicKeyToken=b03f5f7f11d50a3a" className="Tests_functionsFile.FunctionsFileTest, Tests_functionsFile, Version=1.0.0.0, Culture=neutral, PublicKeyToken=null" name="LoadImageFromFileTestPassTry" />
    </UnitTest>
    <UnitTest name="LoadImageFromFileTestImgLoadedOk" storage="c:\users\administrator\desktop\projetimage\tests_functionsfile\bin\debug\tests_functionsfile.dll" id="78e81568-f394-7fb2-bf85-a7e662ee71d0">
      <Execution id="7d03ea53-1e26-4a54-8d90-aa8b0d6c08c7" />
      <TestMethod codeBase="C:/Users/Administrator/Desktop/projetImage/Tests_functionsFile/bin/Debug/Tests_functionsFile.DLL" adapterTypeName="Microsoft.VisualStudio.TestTools.TestTypes.Unit.UnitTestAdapter, Microsoft.VisualStudio.QualityTools.Tips.UnitTest.Adapter, Version=10.0.0.0, Culture=neutral, PublicKeyToken=b03f5f7f11d50a3a" className="Tests_functionsFile.FunctionsFileTest, Tests_functionsFile, Version=1.0.0.0, Culture=neutral, PublicKeyToken=null" name="LoadImageFromFileTestImgLoadedOk" />
    </UnitTest>
    <UnitTest name="loadImageFromDbTestSuccess_try" storage="c:\users\administrator\desktop\projetimage\test_functionsdb\bin\debug\test_functionsdb.dll" id="8c5ffd77-682c-977a-8122-3d049d039d60">
      <Execution id="86e12bd4-1758-4f51-af3a-1c954c5fd5c3" />
      <TestMethod codeBase="C:/Users/Administrator/Desktop/projetImage/Test_functionsDb/bin/Debug/Test_functionsDb.DLL" adapterTypeName="Microsoft.VisualStudio.TestTools.TestTypes.Unit.UnitTestAdapter, Microsoft.VisualStudio.QualityTools.Tips.UnitTest.Adapter, Version=10.0.0.0, Culture=neutral, PublicKeyToken=b03f5f7f11d50a3a" className="Test_functionsDb.FunctionsDbTest, Test_functionsDb, Version=1.0.0.0, Culture=neutral, PublicKeyToken=null" name="loadImageFromDbTestSuccess_try" />
    </UnitTest>
    <UnitTest name="SaveImageInDbTestFail_Catch" storage="c:\users\administrator\desktop\projetimage\test_functionsdb\bin\debug\test_functionsdb.dll" id="4e45098c-b167-b6c8-97fc-f775533bcbb9">
      <Execution id="3a036e97-a11d-466b-818f-d62cb75474db" />
      <TestMethod codeBase="C:/Users/Administrator/Desktop/projetImage/Test_functionsDb/bin/Debug/Test_functionsDb.DLL" adapterTypeName="Microsoft.VisualStudio.TestTools.TestTypes.Unit.UnitTestAdapter, Microsoft.VisualStudio.QualityTools.Tips.UnitTest.Adapter, Version=10.0.0.0, Culture=neutral, PublicKeyToken=b03f5f7f11d50a3a" className="Test_functionsDb.FunctionsDbTest, Test_functionsDb, Version=1.0.0.0, Culture=neutral, PublicKeyToken=null" name="SaveImageInDbTestFail_Catch" />
    </UnitTest>
    <UnitTest name="LoadImageFromFileTestFailCatch" storage="c:\users\administrator\desktop\projetimage\tests_functionsfile\bin\debug\tests_functionsfile.dll" id="8d917dc5-5805-35cc-762e-6f7de5565b04">
      <Execution id="033d585f-857d-497e-a29e-ad1ac07828ac" />
      <TestMethod codeBase="C:/Users/Administrator/Desktop/projetImage/Tests_functionsFile/bin/Debug/Tests_functionsFile.DLL" adapterTypeName="Microsoft.VisualStudio.TestTools.TestTypes.Unit.UnitTestAdapter, Microsoft.VisualStudio.QualityTools.Tips.UnitTest.Adapter, Version=10.0.0.0, Culture=neutral, PublicKeyToken=b03f5f7f11d50a3a" className="Tests_functionsFile.FunctionsFileTest, Tests_functionsFile, Version=1.0.0.0, Culture=neutral, PublicKeyToken=null" name="LoadImageFromFileTestFailCatch" />
    </UnitTest>
    <UnitTest name="loadImageFromDbTestFail_catch" storage="c:\users\administrator\desktop\projetimage\test_functionsdb\bin\debug\test_functionsdb.dll" id="825fcdaf-2655-0db7-be3d-59d587a383c3">
      <Execution id="16453415-40cc-44a1-8562-04c0962a22d7" />
      <TestMethod codeBase="C:/Users/Administrator/Desktop/projetImage/Test_functionsDb/bin/Debug/Test_functionsDb.DLL" adapterTypeName="Microsoft.VisualStudio.TestTools.TestTypes.Unit.UnitTestAdapter, Microsoft.VisualStudio.QualityTools.Tips.UnitTest.Adapter, Version=10.0.0.0, Culture=neutral, PublicKeyToken=b03f5f7f11d50a3a" className="Test_functionsDb.FunctionsDbTest, Test_functionsDb, Version=1.0.0.0, Culture=neutral, PublicKeyToken=null" name="loadImageFromDbTestFail_catch" />
    </UnitTest>
    <UnitTest name="SaveImageInDbTestSuccess_Try" storage="c:\users\administrator\desktop\projetimage\test_functionsdb\bin\debug\test_functionsdb.dll" id="68aa9847-e153-f417-c23a-9e4f8d04f77d">
      <Execution id="c13977dd-68d3-4a68-a5e5-899616356a72" />
      <TestMethod codeBase="C:/Users/Administrator/Desktop/projetImage/Test_functionsDb/bin/Debug/Test_functionsDb.DLL" adapterTypeName="Microsoft.VisualStudio.TestTools.TestTypes.Unit.UnitTestAdapter, Microsoft.VisualStudio.QualityTools.Tips.UnitTest.Adapter, Version=10.0.0.0, Culture=neutral, PublicKeyToken=b03f5f7f11d50a3a" className="Test_functionsDb.FunctionsDbTest, Test_functionsDb, Version=1.0.0.0, Culture=neutral, PublicKeyToken=null" name="SaveImageInDbTestSuccess_Try" />
    </UnitTest>
  </TestDefinitions>
  <TestLists>
    <TestList name="Results Not in a List" id="8c84fa94-04c1-424b-9868-57a2d4851a1d" />
    <TestList name="All Loaded Results" id="19431567-8539-422a-85d7-44ee4e166bda" />
  </TestLists>
  <TestEntries>
    <TestEntry testId="4e45098c-b167-b6c8-97fc-f775533bcbb9" executionId="3a036e97-a11d-466b-818f-d62cb75474db" testListId="8c84fa94-04c1-424b-9868-57a2d4851a1d" />
    <TestEntry testId="68aa9847-e153-f417-c23a-9e4f8d04f77d" executionId="c13977dd-68d3-4a68-a5e5-899616356a72" testListId="8c84fa94-04c1-424b-9868-57a2d4851a1d" />
    <TestEntry testId="78e81568-f394-7fb2-bf85-a7e662ee71d0" executionId="7d03ea53-1e26-4a54-8d90-aa8b0d6c08c7" testListId="8c84fa94-04c1-424b-9868-57a2d4851a1d" />
    <TestEntry testId="825fcdaf-2655-0db7-be3d-59d587a383c3" executionId="16453415-40cc-44a1-8562-04c0962a22d7" testListId="8c84fa94-04c1-424b-9868-57a2d4851a1d" />
    <TestEntry testId="8c5ffd77-682c-977a-8122-3d049d039d60" executionId="86e12bd4-1758-4f51-af3a-1c954c5fd5c3" testListId="8c84fa94-04c1-424b-9868-57a2d4851a1d" />
    <TestEntry testId="8d917dc5-5805-35cc-762e-6f7de5565b04" executionId="033d585f-857d-497e-a29e-ad1ac07828ac" testListId="8c84fa94-04c1-424b-9868-57a2d4851a1d" />
    <TestEntry testId="de489a3b-6c82-6740-f93f-fc1f2a975624" executionId="894e3132-86e0-44d3-afef-ac2b1a61a988" testListId="8c84fa94-04c1-424b-9868-57a2d4851a1d" />
  </TestEntries>
  <Results>
    <UnitTestResult executionId="3a036e97-a11d-466b-818f-d62cb75474db" testId="4e45098c-b167-b6c8-97fc-f775533bcbb9" testName="SaveImageInDbTestFail_Catch" computerName="WIN-GS9GMUJITS8" duration="00:00:00.1697039" startTime="2013-05-20T19:24:01.6188505+02:00" endTime="2013-05-20T19:24:01.9303221+02:00" testType="13cdc9d9-ddb5-4fa4-a97d-d965ccfc6d4b" outcome="Passed" testListId="8c84fa94-04c1-424b-9868-57a2d4851a1d" relativeResultsDirectory="3a036e97-a11d-466b-818f-d62cb75474db">
    </UnitTestResult>
    <UnitTestResult executionId="c13977dd-68d3-4a68-a5e5-899616356a72" testId="68aa9847-e153-f417-c23a-9e4f8d04f77d" testName="SaveImageInDbTestSuccess_Try" computerName="WIN-GS9GMUJITS8" duration="00:00:00.0038275" startTime="2013-05-20T19:24:01.9317867+02:00" endTime="2013-05-20T19:24:01.9400861+02:00" testType="13cdc9d9-ddb5-4fa4-a97d-d965ccfc6d4b" outcome="Passed" testListId="8c84fa94-04c1-424b-9868-57a2d4851a1d" relativeResultsDirectory="c13977dd-68d3-4a68-a5e5-899616356a72">
    </UnitTestResult>
    <UnitTestResult executionId="7d03ea53-1e26-4a54-8d90-aa8b0d6c08c7" testId="78e81568-f394-7fb2-bf85-a7e662ee71d0" testName="LoadImageFromFileTestImgLoadedOk" computerName="WIN-GS9GMUJITS8" duration="00:00:00.0298068" startTime="2013-05-20T19:24:01.9420389+02:00" endTime="2013-05-20T19:24:02.1412245+02:00" testType="13cdc9d9-ddb5-4fa4-a97d-d965ccfc6d4b" outcome="Passed" testListId="8c84fa94-04c1-424b-9868-57a2d4851a1d" relativeResultsDirectory="7d03ea53-1e26-4a54-8d90-aa8b0d6c08c7">
    </UnitTestResult>
    <UnitTestResult executionId="16453415-40cc-44a1-8562-04c0962a22d7" testId="825fcdaf-2655-0db7-be3d-59d587a383c3" testName="loadImageFromDbTestFail_catch" computerName="WIN-GS9GMUJITS8" duration="00:00:00.0042955" startTime="2013-05-20T19:24:02.1426891+02:00" endTime="2013-05-20T19:24:02.1534295+02:00" testType="13cdc9d9-ddb5-4fa4-a97d-d965ccfc6d4b" outcome="Passed" testListId="8c84fa94-04c1-424b-9868-57a2d4851a1d" relativeResultsDirectory="16453415-40cc-44a1-8562-04c0962a22d7">
    </UnitTestResult>
    <UnitTestResult executionId="86e12bd4-1758-4f51-af3a-1c954c5fd5c3" testId="8c5ffd77-682c-977a-8122-3d049d039d60" testName="loadImageFromDbTestSuccess_try" computerName="WIN-GS9GMUJITS8" duration="00:00:00.0010012" startTime="2013-05-20T19:24:02.1563587+02:00" endTime="2013-05-20T19:24:02.1617289+02:00" testType="13cdc9d9-ddb5-4fa4-a97d-d965ccfc6d4b" outcome="Passed" testListId="8c84fa94-04c1-424b-9868-57a2d4851a1d" relativeResultsDirectory="86e12bd4-1758-4f51-af3a-1c954c5fd5c3">
    </UnitTestResult>
    <UnitTestResult executionId="033d585f-857d-497e-a29e-ad1ac07828ac" testId="8d917dc5-5805-35cc-762e-6f7de5565b04" testName="LoadImageFromFileTestFailCatch" computerName="WIN-GS9GMUJITS8" duration="00:00:00.1694517" startTime="2013-05-20T19:24:02.1631935+02:00" endTime="2013-05-20T19:24:02.3389455+02:00" testType="13cdc9d9-ddb5-4fa4-a97d-d965ccfc6d4b" outcome="Passed" testListId="8c84fa94-04c1-424b-9868-57a2d4851a1d" relativeResultsDirectory="033d585f-857d-497e-a29e-ad1ac07828ac">
    </UnitTestResult>
    <UnitTestResult executionId="894e3132-86e0-44d3-afef-ac2b1a61a988" testId="de489a3b-6c82-6740-f93f-fc1f2a975624" testName="LoadImageFromFileTestPassTry" computerName="WIN-GS9GMUJITS8" duration="00:00:00.0082747" startTime="2013-05-20T19:24:02.3418747+02:00" endTime="2013-05-20T19:24:02.3565207+02:00" testType="13cdc9d9-ddb5-4fa4-a97d-d965ccfc6d4b" outcome="Passed" testListId="8c84fa94-04c1-424b-9868-57a2d4851a1d" relativeResultsDirectory="894e3132-86e0-44d3-afef-ac2b1a61a988">
    </UnitTestResult>
  </Results>
</TestRun>